<?xml version="1.0" encoding="UTF-8"?>
<!-- Generated by org.testng.reporters.JUnitReportReporter -->
<testsuite skipped="0" hostname="DESKTOP-GBDB5M1" name="org.testleaf.TestNG.tutorial.EditLeadTestNG" tests="1" failures="0" timestamp="2019-11-24T09:02:31 IST" time="61.698" errors="0">
  <testcase name="editleadmethod" time="61.698" classname="org.testleaf.TestNG.tutorial.EditLeadTestNG"/>
</testsuite> <!-- org.testleaf.TestNG.tutorial.EditLeadTestNG -->
