<?xml version="1.0" encoding="UTF-8"?>
<!-- Generated by org.testng.reporters.JUnitReportReporter -->
<testsuite skipped="0" hostname="DESKTOP-GBDB5M1" name="runner.RunTestCreateLead" tests="3" failures="0" timestamp="2019-11-30T12:56:29 IST" time="43.524" errors="0">
  <testcase name="runScenario" time="12.875" classname="runner.RunTestCreateLead"/>
  <testcase name="runScenario" time="16.953" classname="runner.RunTestCreateLead"/>
  <testcase name="runScenario" time="13.696" classname="runner.RunTestCreateLead"/>
</testsuite> <!-- runner.RunTestCreateLead -->
