<?xml version="1.0" encoding="UTF-8"?>
<!-- Generated by org.testng.reporters.JUnitReportReporter -->
<testsuite skipped="1" hostname="DESKTOP-GBDB5M1" name="org.testleaf.TestNG.tutorial.CreateLeadTestNG" tests="1" failures="0" timestamp="2019-11-30T09:13:54 IST" time="0.000" errors="0">
  <testcase name="createleadmethod1" time="0.000" classname="org.testleaf.TestNG.tutorial.CreateLeadTestNG">
    <skipped/>
  </testcase> <!-- createleadmethod1 -->
</testsuite> <!-- org.testleaf.TestNG.tutorial.CreateLeadTestNG -->
