<?xml version="1.0" encoding="UTF-8"?>
<!-- Generated by org.testng.reporters.JUnitReportReporter -->
<testsuite skipped="0" hostname="DESKTOP-GBDB5M1" name="Week2.TestCase1.DeleteLead" tests="1" failures="0" timestamp="2019-11-23T12:42:22 IST" time="40.515" errors="0">
  <testcase name="deletemethod" time="40.515" classname="Week2.TestCase1.DeleteLead"/>
</testsuite> <!-- Week2.TestCase1.DeleteLead -->
